<?xml version="1.0" encoding="UTF-8"?>
<!-- Generated by org.testng.reporters.JUnitXMLReporter -->
<testsuite ignored="0" hostname="Dell-Home-laptop" failures="1" tests="4" name="HappyScenarios" time="27.059" errors="0" timestamp="2025-01-19T10:38:17 AEST">
  <testcase classname="tests.HomePageTest" name="searchTest" time="1.179"/>
  <testcase classname="tests.HomePageTest" name="searchTest" time="0.535"/>
  <testcase classname="tests.HomePageTest" name="searchTest" time="0.561"/>
  <testcase classname="tests.HomePageTest" name="validateTitle" time="0.063">
    <failure type="java.lang.AssertionError" message="expected [Search - Samsung] but found [test]">
      <![CDATA[java.lang.AssertionError: expected [Search - Samsung] but found [test]
at tests.HomePageTest.validateTitle(HomePageTest.java:15)
at java.base/java.util.ArrayList.forEach(ArrayList.java:1596)
at java.base/java.util.concurrent.FutureTask.run(FutureTask.java:317)
at java.base/java.util.concurrent.ThreadPoolExecutor.runWorker(ThreadPoolExecutor.java:1144)
at java.base/java.util.concurrent.ThreadPoolExecutor$Worker.run(ThreadPoolExecutor.java:642)
at java.base/java.lang.Thread.run(Thread.java:1583)
... Removed 21 stack frames]]>
    </failure>
  </testcase> <!-- validateTitle -->
</testsuite> <!-- HappyScenarios -->
