<?xml version="1.0" encoding="UTF-8"?>
<testng-results ignored="0" total="5" passed="4" failed="1" skipped="0">
  <reporter-output>
  </reporter-output>
  <suite started-at="2025-01-17T15:11:18 AEST" name="Regression" finished-at="2025-01-17T15:12:04 AEST" duration-ms="46419">
    <groups>
    </groups>
    <test started-at="2025-01-17T15:11:18 AEST" name="HappyLoginScenarios" finished-at="2025-01-17T15:12:00 AEST" duration-ms="41868">
      <class name="tests.LoginSucess">
        <test-method is-config="true" signature="setup()[pri:0, instance:tests.LoginSucess@327514f]" started-at="2025-01-17T15:11:18 AEST" name="setup" finished-at="2025-01-17T15:11:48 AEST" duration-ms="29897" status="PASS">
          <reporter-output>
          </reporter-output>
        </test-method> <!-- setup -->
        <test-method signature="loginUser_Passed()[pri:0, instance:tests.LoginSucess@327514f]" started-at="2025-01-17T15:11:49 AEST" name="loginUser_Passed" finished-at="2025-01-17T15:11:53 AEST" duration-ms="3776" status="PASS">
          <reporter-output>
          </reporter-output>
        </test-method> <!-- loginUser_Passed -->
        <test-method is-config="true" signature="teardown()[pri:0, instance:tests.LoginSucess@327514f]" started-at="2025-01-17T15:11:53 AEST" name="teardown" finished-at="2025-01-17T15:12:00 AEST" duration-ms="6720" status="PASS">
          <reporter-output>
          </reporter-output>
        </test-method> <!-- teardown -->
      </class> <!-- tests.LoginSucess -->
    </test> <!-- HappyLoginScenarios -->
    <test started-at="2025-01-17T15:11:18 AEST" name="HappyScenarios" finished-at="2025-01-17T15:12:04 AEST" duration-ms="46419">
      <class name="tests.HomePageTest">
        <test-method is-config="true" signature="setup()[pri:0, instance:tests.HomePageTest@4562e04d]" started-at="2025-01-17T15:11:18 AEST" name="setup" finished-at="2025-01-17T15:11:48 AEST" duration-ms="29858" status="PASS">
          <reporter-output>
          </reporter-output>
        </test-method> <!-- setup -->
        <test-method signature="searchTest(java.lang.String)[pri:0, instance:tests.HomePageTest@4562e04d]" started-at="2025-01-17T15:11:49 AEST" name="searchTest" data-provider="getProductData" finished-at="2025-01-17T15:11:51 AEST" duration-ms="2383" status="PASS">
          <params>
            <param index="0">
              <value>
                <![CDATA[Macbook]]>
              </value>
            </param>
          </params>
          <reporter-output>
          </reporter-output>
        </test-method> <!-- searchTest -->
        <test-method signature="searchTest(java.lang.String)[pri:0, instance:tests.HomePageTest@4562e04d]" started-at="2025-01-17T15:11:52 AEST" name="searchTest" data-provider="getProductData" finished-at="2025-01-17T15:11:52 AEST" duration-ms="714" status="PASS">
          <params>
            <param index="0">
              <value>
                <![CDATA[iMac]]>
              </value>
            </param>
          </params>
          <reporter-output>
          </reporter-output>
        </test-method> <!-- searchTest -->
        <test-method signature="searchTest(java.lang.String)[pri:0, instance:tests.HomePageTest@4562e04d]" started-at="2025-01-17T15:11:52 AEST" name="searchTest" data-provider="getProductData" finished-at="2025-01-17T15:11:54 AEST" duration-ms="1485" status="PASS">
          <params>
            <param index="0">
              <value>
                <![CDATA[Samsung]]>
              </value>
            </param>
          </params>
          <reporter-output>
          </reporter-output>
        </test-method> <!-- searchTest -->
        <test-method signature="validateTitle()[pri:0, instance:tests.HomePageTest@4562e04d]" started-at="2025-01-17T15:11:54 AEST" name="validateTitle" finished-at="2025-01-17T15:11:54 AEST" duration-ms="405" status="FAIL">
          <exception class="java.lang.AssertionError">
            <message>
              <![CDATA[expected [Search - Samsung] but found [test]]]>
            </message>
            <full-stacktrace>
              <![CDATA[java.lang.AssertionError: expected [Search - Samsung] but found [test]
at org.testng.Assert.fail(Assert.java:111)
at org.testng.Assert.failNotEquals(Assert.java:1578)
at org.testng.Assert.assertEqualsImpl(Assert.java:150)
at org.testng.Assert.assertEquals(Assert.java:132)
at org.testng.Assert.assertEquals(Assert.java:656)
at org.testng.Assert.assertEquals(Assert.java:666)
at tests.HomePageTest.validateTitle(HomePageTest.java:15)
at java.base/jdk.internal.reflect.DirectMethodHandleAccessor.invoke(DirectMethodHandleAccessor.java:103)
at java.base/java.lang.reflect.Method.invoke(Method.java:580)
at org.testng.internal.invokers.MethodInvocationHelper.invokeMethod(MethodInvocationHelper.java:141)
at org.testng.internal.invokers.TestInvoker.invokeMethod(TestInvoker.java:686)
at org.testng.internal.invokers.TestInvoker.invokeTestMethod(TestInvoker.java:230)
at org.testng.internal.invokers.MethodRunner.runInSequence(MethodRunner.java:63)
at org.testng.internal.invokers.TestInvoker$MethodInvocationAgent.invoke(TestInvoker.java:992)
at org.testng.internal.invokers.TestInvoker.invokeTestMethods(TestInvoker.java:203)
at org.testng.internal.invokers.TestMethodWorker.invokeTestMethods(TestMethodWorker.java:154)
at org.testng.internal.invokers.TestMethodWorker.run(TestMethodWorker.java:134)
at java.base/java.util.ArrayList.forEach(ArrayList.java:1596)
at org.testng.TestRunner.privateRun(TestRunner.java:739)
at org.testng.TestRunner.run(TestRunner.java:614)
at org.testng.SuiteRunner.runTest(SuiteRunner.java:421)
at org.testng.SuiteRunner$SuiteWorker.run(SuiteRunner.java:463)
at org.testng.internal.thread.ThreadUtil.lambda$execute$0(ThreadUtil.java:64)
at java.base/java.util.concurrent.FutureTask.run(FutureTask.java:317)
at java.base/java.util.concurrent.ThreadPoolExecutor.runWorker(ThreadPoolExecutor.java:1144)
at java.base/java.util.concurrent.ThreadPoolExecutor$Worker.run(ThreadPoolExecutor.java:642)
at java.base/java.lang.Thread.run(Thread.java:1583)
]]>
            </full-stacktrace>
          </exception> <!-- java.lang.AssertionError -->
          <reporter-output>
          </reporter-output>
        </test-method> <!-- validateTitle -->
        <test-method is-config="true" signature="teardown()[pri:0, instance:tests.HomePageTest@4562e04d]" started-at="2025-01-17T15:12:00 AEST" name="teardown" finished-at="2025-01-17T15:12:04 AEST" duration-ms="4504" status="PASS">
          <reporter-output>
          </reporter-output>
        </test-method> <!-- teardown -->
      </class> <!-- tests.HomePageTest -->
    </test> <!-- HappyScenarios -->
  </suite> <!-- Regression -->
</testng-results>
